16:04:29.433 INFO - Selenium build info: version: '3.7.1', revision: '8a0099a'
16:04:29.433 INFO - Launching a standalone Selenium Server
2017-12-11 16:04:29.483:INFO::main: Logging initialized @486ms to org.seleniumhq.jetty9.util.log.StdErrLog
16:04:29.550 INFO - Driver class not found: com.opera.core.systems.OperaDriver
16:04:29.593 INFO - Driver provider class org.openqa.selenium.ie.InternetExplorerDriver registration is skipped:
 registration capabilities Capabilities {browserName: internet explorer, ensureCleanSession: true, platform: WINDOWS, version: } does not match the current platform MAC
16:04:29.593 INFO - Driver provider class org.openqa.selenium.edge.EdgeDriver registration is skipped:
 registration capabilities Capabilities {browserName: MicrosoftEdge, platform: WINDOWS, version: } does not match the current platform MAC
16:04:29.666 INFO - Using the passthrough mode handler
2017-12-11 16:04:29.708:INFO:osjs.Server:main: jetty-9.4.5.v20170502
2017-12-11 16:04:29.735:WARN:osjs.SecurityHandler:main: ServletContext@o.s.j.s.ServletContextHandler@fa36558{/,null,STARTING} has uncovered http methods for path: /
2017-12-11 16:04:29.741:INFO:osjsh.ContextHandler:main: Started o.s.j.s.ServletContextHandler@fa36558{/,null,AVAILABLE}
2017-12-11 16:04:29.777:INFO:osjs.AbstractConnector:main: Started ServerConnector@34f5090e{HTTP/1.1,[http/1.1]}{0.0.0.0:4445}
2017-12-11 16:04:29.778:INFO:osjs.Server:main: Started @781ms
16:04:29.778 INFO - Selenium Server is up and running
2017-12-11 16:04:30.043:INFO:osjshC.ROOT:qtp1579526446-12: org.openqa.selenium.remote.server.WebDriverServlet-6a78afa0: Initialising WebDriverServlet
16:04:30.096 INFO - Found handler: org.openqa.selenium.remote.server.commandhandler.BeginSession@501c8f07
16:04:30.102 INFO - /session: Executing POST on /session (handler: BeginSession)
16:04:30.174 INFO - Capabilities are: Capabilities {acceptSslCerts: true, browserName: chrome, javascriptEnabled: true, name: Tests}
16:04:30.176 INFO - Capabilities {acceptSslCerts: true, browserName: chrome, javascriptEnabled: true, name: Tests} matched class org.openqa.selenium.remote.server.ServicedSession$Factory (provider: org.openqa.selenium.chrome.ChromeDriverService)
Starting ChromeDriver 2.33.506106 (8a06c39c4582fbfbab6966dbb1c38a9173bfb1a2) on port 10207
Only local connections are allowed.
16:04:31.523 INFO - Detected dialect: OSS
16:04:31.909 INFO - Found handler: org.openqa.selenium.remote.server.ServicedSession@3024f2d7
16:04:31.910 INFO - Handler thread for session 1c0d2ed9e94ef2a67c1534cc13fa296e (chrome): Executing POST on /session/1c0d2ed9e94ef2a67c1534cc13fa296e/url (handler: ServicedSession)
16:04:31.913 INFO - To upstream: {"url":"http://localhost:3000"}
16:04:32.371 INFO - To downstream: {"sessionId":"1c0d2ed9e94ef2a67c1534cc13fa296e","status":0,"value":null}
16:04:32.379 INFO - Found handler: org.openqa.selenium.remote.server.ServicedSession@3024f2d7
16:04:32.380 INFO - Handler thread for session 1c0d2ed9e94ef2a67c1534cc13fa296e (chrome): Executing POST on /session/1c0d2ed9e94ef2a67c1534cc13fa296e/element (handler: ServicedSession)
16:04:32.381 INFO - To upstream: {"using":"css selector","value":"input[name=\"evenOddInput\"]"}
16:04:32.445 INFO - To downstream: {"sessionId":"1c0d2ed9e94ef2a67c1534cc13fa296e","status":0,"value":{"ELEMENT":"0.981572170009245-1"}}
16:04:32.450 INFO - Found handler: org.openqa.selenium.remote.server.ServicedSession@3024f2d7
16:04:32.450 INFO - Handler thread for session 1c0d2ed9e94ef2a67c1534cc13fa296e (chrome): Executing POST on /session/1c0d2ed9e94ef2a67c1534cc13fa296e/element/0.981572170009245-1/value (handler: ServicedSession)
16:04:32.452 INFO - To upstream: {"value":["1",",","2",",","3",",","4",",","5",",","6",",","7",",","8",",","9",",","1","0"]}
16:04:32.686 INFO - To downstream: {"sessionId":"1c0d2ed9e94ef2a67c1534cc13fa296e","status":0,"value":null}
16:04:32.691 INFO - Found handler: org.openqa.selenium.remote.server.ServicedSession@3024f2d7
16:04:32.692 INFO - Handler thread for session 1c0d2ed9e94ef2a67c1534cc13fa296e (chrome): Executing POST on /session/1c0d2ed9e94ef2a67c1534cc13fa296e/element (handler: ServicedSession)
16:04:32.694 INFO - To upstream: {"using":"css selector","value":"button[name = \"evenOddButton\"]"}
16:04:32.716 INFO - To downstream: {"sessionId":"1c0d2ed9e94ef2a67c1534cc13fa296e","status":0,"value":{"ELEMENT":"0.981572170009245-2"}}
16:04:32.720 INFO - Found handler: org.openqa.selenium.remote.server.ServicedSession@3024f2d7
16:04:32.720 INFO - Handler thread for session 1c0d2ed9e94ef2a67c1534cc13fa296e (chrome): Executing POST on /session/1c0d2ed9e94ef2a67c1534cc13fa296e/element/0.981572170009245-2/click (handler: ServicedSession)
16:04:32.722 INFO - To upstream: 
16:04:32.786 INFO - To downstream: {"sessionId":"1c0d2ed9e94ef2a67c1534cc13fa296e","status":0,"value":null}
16:04:32.790 INFO - Found handler: org.openqa.selenium.remote.server.ServicedSession@3024f2d7
16:04:32.791 INFO - Handler thread for session 1c0d2ed9e94ef2a67c1534cc13fa296e (chrome): Executing POST on /session/1c0d2ed9e94ef2a67c1534cc13fa296e/elements (handler: ServicedSession)
16:04:32.793 INFO - To upstream: {"using":"css selector","value":"span[name = \"evenResults\"]"}
16:04:32.816 INFO - To downstream: {"sessionId":"1c0d2ed9e94ef2a67c1534cc13fa296e","status":0,"value":[{"ELEMENT":"0.981572170009245-3"}]}
16:04:32.820 INFO - Found handler: org.openqa.selenium.remote.server.ServicedSession@3024f2d7
16:04:32.820 INFO - Handler thread for session 1c0d2ed9e94ef2a67c1534cc13fa296e (chrome): Executing GET on /session/1c0d2ed9e94ef2a67c1534cc13fa296e/element/0.981572170009245-3/text (handler: ServicedSession)
16:04:32.847 INFO - To downstream: {"sessionId":"1c0d2ed9e94ef2a67c1534cc13fa296e","status":0,"value":"Evens: [2,4,6,8,10]"}
16:04:32.852 INFO - Found handler: org.openqa.selenium.remote.server.ServicedSession@3024f2d7
16:04:32.852 INFO - Handler thread for session 1c0d2ed9e94ef2a67c1534cc13fa296e (chrome): Executing POST on /session/1c0d2ed9e94ef2a67c1534cc13fa296e/elements (handler: ServicedSession)
16:04:32.854 INFO - To upstream: {"using":"css selector","value":"span[name = \"oddResults\"]"}
16:04:32.881 INFO - To downstream: {"sessionId":"1c0d2ed9e94ef2a67c1534cc13fa296e","status":0,"value":[{"ELEMENT":"0.981572170009245-4"}]}
16:04:32.885 INFO - Found handler: org.openqa.selenium.remote.server.ServicedSession@3024f2d7
16:04:32.885 INFO - Handler thread for session 1c0d2ed9e94ef2a67c1534cc13fa296e (chrome): Executing GET on /session/1c0d2ed9e94ef2a67c1534cc13fa296e/element/0.981572170009245-4/text (handler: ServicedSession)
16:04:32.913 INFO - To downstream: {"sessionId":"1c0d2ed9e94ef2a67c1534cc13fa296e","status":0,"value":"Odds: [1,3,5,7,9]"}
16:04:32.917 INFO - Found handler: org.openqa.selenium.remote.server.ServicedSession@3024f2d7
16:04:32.918 INFO - Handler thread for session 1c0d2ed9e94ef2a67c1534cc13fa296e (chrome): Executing POST on /session/1c0d2ed9e94ef2a67c1534cc13fa296e/element (handler: ServicedSession)
16:04:32.919 INFO - To upstream: {"using":"css selector","value":"input[name=\"evenOddInput\"]"}
16:04:32.927 INFO - To downstream: {"sessionId":"1c0d2ed9e94ef2a67c1534cc13fa296e","status":0,"value":{"ELEMENT":"0.981572170009245-1"}}
16:04:32.931 INFO - Found handler: org.openqa.selenium.remote.server.ServicedSession@3024f2d7
16:04:32.931 INFO - Handler thread for session 1c0d2ed9e94ef2a67c1534cc13fa296e (chrome): Executing POST on /session/1c0d2ed9e94ef2a67c1534cc13fa296e/element/0.981572170009245-1/clear (handler: ServicedSession)
16:04:32.932 INFO - To upstream: 
16:04:32.963 INFO - To downstream: {"sessionId":"1c0d2ed9e94ef2a67c1534cc13fa296e","status":0,"value":null}
16:04:32.967 INFO - Found handler: org.openqa.selenium.remote.server.ServicedSession@3024f2d7
16:04:32.967 INFO - Handler thread for session 1c0d2ed9e94ef2a67c1534cc13fa296e (chrome): Executing POST on /session/1c0d2ed9e94ef2a67c1534cc13fa296e/element (handler: ServicedSession)
16:04:32.969 INFO - To upstream: {"using":"css selector","value":"input[name=\"evenOddInput\"]"}
16:04:32.977 INFO - To downstream: {"sessionId":"1c0d2ed9e94ef2a67c1534cc13fa296e","status":0,"value":{"ELEMENT":"0.981572170009245-1"}}
16:04:32.980 INFO - Found handler: org.openqa.selenium.remote.server.ServicedSession@3024f2d7
16:04:32.980 INFO - Handler thread for session 1c0d2ed9e94ef2a67c1534cc13fa296e (chrome): Executing POST on /session/1c0d2ed9e94ef2a67c1534cc13fa296e/element/0.981572170009245-1/value (handler: ServicedSession)
16:04:32.981 INFO - To upstream: {"value":["-","1",",","-","2",",","-","3",",","-","4",",","-","5",",","-","6",",","-","7",",","-","8",",","-","9",",","-","1","0"]}
16:04:33.180 INFO - To downstream: {"sessionId":"1c0d2ed9e94ef2a67c1534cc13fa296e","status":0,"value":null}
16:04:33.184 INFO - Found handler: org.openqa.selenium.remote.server.ServicedSession@3024f2d7
16:04:33.184 INFO - Handler thread for session 1c0d2ed9e94ef2a67c1534cc13fa296e (chrome): Executing POST on /session/1c0d2ed9e94ef2a67c1534cc13fa296e/element (handler: ServicedSession)
16:04:33.185 INFO - To upstream: {"using":"css selector","value":"button[name = \"evenOddButton\"]"}
16:04:33.194 INFO - To downstream: {"sessionId":"1c0d2ed9e94ef2a67c1534cc13fa296e","status":0,"value":{"ELEMENT":"0.981572170009245-2"}}
16:04:33.198 INFO - Found handler: org.openqa.selenium.remote.server.ServicedSession@3024f2d7
16:04:33.199 INFO - Handler thread for session 1c0d2ed9e94ef2a67c1534cc13fa296e (chrome): Executing POST on /session/1c0d2ed9e94ef2a67c1534cc13fa296e/element/0.981572170009245-2/click (handler: ServicedSession)
16:04:33.200 INFO - To upstream: 
16:04:33.230 INFO - To downstream: {"sessionId":"1c0d2ed9e94ef2a67c1534cc13fa296e","status":0,"value":null}
16:04:33.234 INFO - Found handler: org.openqa.selenium.remote.server.ServicedSession@3024f2d7
16:04:33.234 INFO - Handler thread for session 1c0d2ed9e94ef2a67c1534cc13fa296e (chrome): Executing POST on /session/1c0d2ed9e94ef2a67c1534cc13fa296e/elements (handler: ServicedSession)
16:04:33.236 INFO - To upstream: {"using":"css selector","value":"span[name = \"evenResults\"]"}
16:04:33.244 INFO - To downstream: {"sessionId":"1c0d2ed9e94ef2a67c1534cc13fa296e","status":0,"value":[{"ELEMENT":"0.981572170009245-3"}]}
16:04:33.248 INFO - Found handler: org.openqa.selenium.remote.server.ServicedSession@3024f2d7
16:04:33.248 INFO - Handler thread for session 1c0d2ed9e94ef2a67c1534cc13fa296e (chrome): Executing GET on /session/1c0d2ed9e94ef2a67c1534cc13fa296e/element/0.981572170009245-3/text (handler: ServicedSession)
16:04:33.258 INFO - To downstream: {"sessionId":"1c0d2ed9e94ef2a67c1534cc13fa296e","status":0,"value":"Evens: [-2,-4,-6,-8,-10]"}
16:04:33.263 INFO - Found handler: org.openqa.selenium.remote.server.ServicedSession@3024f2d7
16:04:33.264 INFO - Handler thread for session 1c0d2ed9e94ef2a67c1534cc13fa296e (chrome): Executing POST on /session/1c0d2ed9e94ef2a67c1534cc13fa296e/elements (handler: ServicedSession)
16:04:33.266 INFO - To upstream: {"using":"css selector","value":"span[name = \"oddResults\"]"}
16:04:33.274 INFO - To downstream: {"sessionId":"1c0d2ed9e94ef2a67c1534cc13fa296e","status":0,"value":[{"ELEMENT":"0.981572170009245-4"}]}
16:04:33.278 INFO - Found handler: org.openqa.selenium.remote.server.ServicedSession@3024f2d7
16:04:33.278 INFO - Handler thread for session 1c0d2ed9e94ef2a67c1534cc13fa296e (chrome): Executing GET on /session/1c0d2ed9e94ef2a67c1534cc13fa296e/element/0.981572170009245-4/text (handler: ServicedSession)
16:04:33.289 INFO - To downstream: {"sessionId":"1c0d2ed9e94ef2a67c1534cc13fa296e","status":0,"value":"Odds: [-1,-3,-5,-7,-9]"}
16:04:33.301 INFO - Found handler: org.openqa.selenium.remote.server.ServicedSession@3024f2d7
16:04:33.301 INFO - Handler thread for session 1c0d2ed9e94ef2a67c1534cc13fa296e (chrome): Executing POST on /session/1c0d2ed9e94ef2a67c1534cc13fa296e/url (handler: ServicedSession)
16:04:33.302 INFO - To upstream: {"url":"http://localhost:3000"}
16:04:33.504 INFO - To downstream: {"sessionId":"1c0d2ed9e94ef2a67c1534cc13fa296e","status":0,"value":null}
16:04:33.511 INFO - Found handler: org.openqa.selenium.remote.server.ServicedSession@3024f2d7
16:04:33.512 INFO - Handler thread for session 1c0d2ed9e94ef2a67c1534cc13fa296e (chrome): Executing POST on /session/1c0d2ed9e94ef2a67c1534cc13fa296e/element (handler: ServicedSession)
16:04:33.514 INFO - To upstream: {"using":"css selector","value":"input[name=\"objectFilterInput\"]"}
16:04:33.537 INFO - To downstream: {"sessionId":"1c0d2ed9e94ef2a67c1534cc13fa296e","status":0,"value":{"ELEMENT":"0.2807743184747047-1"}}
16:04:33.540 INFO - Found handler: org.openqa.selenium.remote.server.ServicedSession@3024f2d7
16:04:33.541 INFO - Handler thread for session 1c0d2ed9e94ef2a67c1534cc13fa296e (chrome): Executing POST on /session/1c0d2ed9e94ef2a67c1534cc13fa296e/element/0.2807743184747047-1/clear (handler: ServicedSession)
16:04:33.542 INFO - To upstream: 
16:04:33.577 INFO - To downstream: {"sessionId":"1c0d2ed9e94ef2a67c1534cc13fa296e","status":0,"value":null}
16:04:33.582 INFO - Found handler: org.openqa.selenium.remote.server.ServicedSession@3024f2d7
16:04:33.582 INFO - Handler thread for session 1c0d2ed9e94ef2a67c1534cc13fa296e (chrome): Executing POST on /session/1c0d2ed9e94ef2a67c1534cc13fa296e/element (handler: ServicedSession)
16:04:33.583 INFO - To upstream: {"using":"css selector","value":"input[name=\"objectFilterInput\"]"}
16:04:33.592 INFO - To downstream: {"sessionId":"1c0d2ed9e94ef2a67c1534cc13fa296e","status":0,"value":{"ELEMENT":"0.2807743184747047-1"}}
16:04:33.596 INFO - Found handler: org.openqa.selenium.remote.server.ServicedSession@3024f2d7
16:04:33.597 INFO - Handler thread for session 1c0d2ed9e94ef2a67c1534cc13fa296e (chrome): Executing POST on /session/1c0d2ed9e94ef2a67c1534cc13fa296e/element/0.2807743184747047-1/value (handler: ServicedSession)
16:04:33.600 INFO - To upstream: {"value":["a","g","e"]}
16:04:33.670 INFO - To downstream: {"sessionId":"1c0d2ed9e94ef2a67c1534cc13fa296e","status":0,"value":null}
16:04:33.675 INFO - Found handler: org.openqa.selenium.remote.server.ServicedSession@3024f2d7
16:04:33.677 INFO - Handler thread for session 1c0d2ed9e94ef2a67c1534cc13fa296e (chrome): Executing POST on /session/1c0d2ed9e94ef2a67c1534cc13fa296e/element (handler: ServicedSession)
16:04:33.679 INFO - To upstream: {"using":"css selector","value":"button[name = \"objectFilterButton\"]"}
16:04:33.700 INFO - To downstream: {"sessionId":"1c0d2ed9e94ef2a67c1534cc13fa296e","status":0,"value":{"ELEMENT":"0.2807743184747047-2"}}
16:04:33.703 INFO - Found handler: org.openqa.selenium.remote.server.ServicedSession@3024f2d7
16:04:33.703 INFO - Handler thread for session 1c0d2ed9e94ef2a67c1534cc13fa296e (chrome): Executing POST on /session/1c0d2ed9e94ef2a67c1534cc13fa296e/element/0.2807743184747047-2/click (handler: ServicedSession)
16:04:33.704 INFO - To upstream: 
16:04:33.766 INFO - To downstream: {"sessionId":"1c0d2ed9e94ef2a67c1534cc13fa296e","status":0,"value":null}
16:04:33.769 INFO - Found handler: org.openqa.selenium.remote.server.ServicedSession@3024f2d7
16:04:33.770 INFO - Handler thread for session 1c0d2ed9e94ef2a67c1534cc13fa296e (chrome): Executing POST on /session/1c0d2ed9e94ef2a67c1534cc13fa296e/elements (handler: ServicedSession)
16:04:33.771 INFO - To upstream: {"using":"css selector","value":"span[name = \"objectFilterResults\"]"}
16:04:33.795 INFO - To downstream: {"sessionId":"1c0d2ed9e94ef2a67c1534cc13fa296e","status":0,"value":[{"ELEMENT":"0.2807743184747047-3"}]}
16:04:33.798 INFO - Found handler: org.openqa.selenium.remote.server.ServicedSession@3024f2d7
16:04:33.798 INFO - Handler thread for session 1c0d2ed9e94ef2a67c1534cc13fa296e (chrome): Executing GET on /session/1c0d2ed9e94ef2a67c1534cc13fa296e/element/0.2807743184747047-3/text (handler: ServicedSession)
16:04:33.823 INFO - To downstream: {"sessionId":"1c0d2ed9e94ef2a67c1534cc13fa296e","status":0,"value":"Filtered: [ { \"name\": \"Jimmy Joe\", \"title\": \"Hack0r\", \"age\": 12 }, { \"name\": \"Jeremy Schrader\", \"age\": 24, \"hairColor\": \"brown\" } ]"}
16:04:33.828 INFO - Found handler: org.openqa.selenium.remote.server.ServicedSession@3024f2d7
16:04:33.829 INFO - Handler thread for session 1c0d2ed9e94ef2a67c1534cc13fa296e (chrome): Executing POST on /session/1c0d2ed9e94ef2a67c1534cc13fa296e/url (handler: ServicedSession)
16:04:33.830 INFO - To upstream: {"url":"http://localhost:3000"}
16:04:33.909 INFO - To downstream: {"sessionId":"1c0d2ed9e94ef2a67c1534cc13fa296e","status":0,"value":null}
16:04:33.922 INFO - Found handler: org.openqa.selenium.remote.server.ServicedSession@3024f2d7
16:04:33.923 INFO - Handler thread for session 1c0d2ed9e94ef2a67c1534cc13fa296e (chrome): Executing POST on /session/1c0d2ed9e94ef2a67c1534cc13fa296e/element (handler: ServicedSession)
16:04:33.925 INFO - To upstream: {"using":"css selector","value":"input#nameFilterInput.inputLine"}
16:04:33.948 INFO - To downstream: {"sessionId":"1c0d2ed9e94ef2a67c1534cc13fa296e","status":0,"value":{"ELEMENT":"0.8335648847039838-1"}}
16:04:33.951 INFO - Found handler: org.openqa.selenium.remote.server.ServicedSession@3024f2d7
16:04:33.952 INFO - Handler thread for session 1c0d2ed9e94ef2a67c1534cc13fa296e (chrome): Executing POST on /session/1c0d2ed9e94ef2a67c1534cc13fa296e/element/0.8335648847039838-1/clear (handler: ServicedSession)
16:04:33.953 INFO - To upstream: 
16:04:33.978 INFO - To downstream: {"sessionId":"1c0d2ed9e94ef2a67c1534cc13fa296e","status":0,"value":null}
16:04:34.186 INFO - Found handler: org.openqa.selenium.remote.server.ServicedSession@3024f2d7
16:04:34.186 INFO - Handler thread for session 1c0d2ed9e94ef2a67c1534cc13fa296e (chrome): Executing POST on /session/1c0d2ed9e94ef2a67c1534cc13fa296e/element (handler: ServicedSession)
16:04:34.188 INFO - To upstream: {"using":"css selector","value":"input#nameFilterInput.inputLine"}
16:04:34.195 INFO - To downstream: {"sessionId":"1c0d2ed9e94ef2a67c1534cc13fa296e","status":0,"value":{"ELEMENT":"0.8335648847039838-1"}}
16:04:34.199 INFO - Found handler: org.openqa.selenium.remote.server.ServicedSession@3024f2d7
16:04:34.199 INFO - Handler thread for session 1c0d2ed9e94ef2a67c1534cc13fa296e (chrome): Executing POST on /session/1c0d2ed9e94ef2a67c1534cc13fa296e/element/0.8335648847039838-1/value (handler: ServicedSession)
16:04:34.201 INFO - To upstream: {"value":["J"]}
16:04:34.255 INFO - To downstream: {"sessionId":"1c0d2ed9e94ef2a67c1534cc13fa296e","status":0,"value":null}
16:04:34.464 INFO - Found handler: org.openqa.selenium.remote.server.ServicedSession@3024f2d7
16:04:34.464 INFO - Handler thread for session 1c0d2ed9e94ef2a67c1534cc13fa296e (chrome): Executing POST on /session/1c0d2ed9e94ef2a67c1534cc13fa296e/element (handler: ServicedSession)
16:04:34.466 INFO - To upstream: {"using":"css selector","value":"button[id = \"nameFilterButton\"]"}
16:04:34.485 INFO - To downstream: {"sessionId":"1c0d2ed9e94ef2a67c1534cc13fa296e","status":0,"value":{"ELEMENT":"0.8335648847039838-2"}}
16:04:34.488 INFO - Found handler: org.openqa.selenium.remote.server.ServicedSession@3024f2d7
16:04:34.489 INFO - Handler thread for session 1c0d2ed9e94ef2a67c1534cc13fa296e (chrome): Executing POST on /session/1c0d2ed9e94ef2a67c1534cc13fa296e/element/0.8335648847039838-2/click (handler: ServicedSession)
16:04:34.489 INFO - To upstream: 
16:04:34.548 INFO - To downstream: {"sessionId":"1c0d2ed9e94ef2a67c1534cc13fa296e","status":0,"value":null}
16:04:34.757 INFO - Found handler: org.openqa.selenium.remote.server.ServicedSession@3024f2d7
16:04:34.758 INFO - Handler thread for session 1c0d2ed9e94ef2a67c1534cc13fa296e (chrome): Executing POST on /session/1c0d2ed9e94ef2a67c1534cc13fa296e/elements (handler: ServicedSession)
16:04:34.759 INFO - To upstream: {"using":"css selector","value":"span.resultsBox.filterStringRB"}
16:04:34.779 INFO - To downstream: {"sessionId":"1c0d2ed9e94ef2a67c1534cc13fa296e","status":0,"value":[{"ELEMENT":"0.8335648847039838-3"}]}
16:04:34.783 INFO - Found handler: org.openqa.selenium.remote.server.ServicedSession@3024f2d7
16:04:34.783 INFO - Handler thread for session 1c0d2ed9e94ef2a67c1534cc13fa296e (chrome): Executing GET on /session/1c0d2ed9e94ef2a67c1534cc13fa296e/element/0.8335648847039838-3/text (handler: ServicedSession)
16:04:34.816 INFO - To downstream: {"sessionId":"1c0d2ed9e94ef2a67c1534cc13fa296e","status":0,"value":"Filtered Names: [ \"James\", \"Jessica\", \"Jennifer\" ]"}
16:04:34.822 INFO - Found handler: org.openqa.selenium.remote.server.ServicedSession@3024f2d7
16:04:34.822 INFO - Handler thread for session 1c0d2ed9e94ef2a67c1534cc13fa296e (chrome): Executing POST on /session/1c0d2ed9e94ef2a67c1534cc13fa296e/url (handler: ServicedSession)
16:04:34.823 INFO - To upstream: {"url":"http://localhost:3000"}
16:04:34.900 INFO - To downstream: {"sessionId":"1c0d2ed9e94ef2a67c1534cc13fa296e","status":0,"value":null}
16:04:34.908 INFO - Found handler: org.openqa.selenium.remote.server.ServicedSession@3024f2d7
16:04:34.908 INFO - Handler thread for session 1c0d2ed9e94ef2a67c1534cc13fa296e (chrome): Executing POST on /session/1c0d2ed9e94ef2a67c1534cc13fa296e/element (handler: ServicedSession)
16:04:34.910 INFO - To upstream: {"using":"css selector","value":"input[name = \"palindromeInput\"]"}
16:04:34.937 INFO - To downstream: {"sessionId":"1c0d2ed9e94ef2a67c1534cc13fa296e","status":0,"value":{"ELEMENT":"0.7929470082333949-1"}}
16:04:34.940 INFO - Found handler: org.openqa.selenium.remote.server.ServicedSession@3024f2d7
16:04:34.940 INFO - Handler thread for session 1c0d2ed9e94ef2a67c1534cc13fa296e (chrome): Executing POST on /session/1c0d2ed9e94ef2a67c1534cc13fa296e/element/0.7929470082333949-1/value (handler: ServicedSession)
16:04:34.942 INFO - To upstream: {"value":["r","a","c","e","c","a","r"]}
16:04:35.022 INFO - To downstream: {"sessionId":"1c0d2ed9e94ef2a67c1534cc13fa296e","status":0,"value":null}
16:04:35.026 INFO - Found handler: org.openqa.selenium.remote.server.ServicedSession@3024f2d7
16:04:35.026 INFO - Handler thread for session 1c0d2ed9e94ef2a67c1534cc13fa296e (chrome): Executing POST on /session/1c0d2ed9e94ef2a67c1534cc13fa296e/element (handler: ServicedSession)
16:04:35.028 INFO - To upstream: {"using":"css selector","value":"button[name = \"palindromeButton\"]"}
16:04:35.049 INFO - To downstream: {"sessionId":"1c0d2ed9e94ef2a67c1534cc13fa296e","status":0,"value":{"ELEMENT":"0.7929470082333949-2"}}
16:04:35.052 INFO - Found handler: org.openqa.selenium.remote.server.ServicedSession@3024f2d7
16:04:35.053 INFO - Handler thread for session 1c0d2ed9e94ef2a67c1534cc13fa296e (chrome): Executing POST on /session/1c0d2ed9e94ef2a67c1534cc13fa296e/element/0.7929470082333949-2/click (handler: ServicedSession)
16:04:35.054 INFO - To upstream: 
16:04:35.118 INFO - To downstream: {"sessionId":"1c0d2ed9e94ef2a67c1534cc13fa296e","status":0,"value":null}
16:04:35.121 INFO - Found handler: org.openqa.selenium.remote.server.ServicedSession@3024f2d7
16:04:35.122 INFO - Handler thread for session 1c0d2ed9e94ef2a67c1534cc13fa296e (chrome): Executing POST on /session/1c0d2ed9e94ef2a67c1534cc13fa296e/elements (handler: ServicedSession)
16:04:35.123 INFO - To upstream: {"using":"css selector","value":"span[name = \"palindromeResults\"]"}
16:04:35.149 INFO - To downstream: {"sessionId":"1c0d2ed9e94ef2a67c1534cc13fa296e","status":0,"value":[{"ELEMENT":"0.7929470082333949-3"}]}
16:04:35.152 INFO - Found handler: org.openqa.selenium.remote.server.ServicedSession@3024f2d7
16:04:35.153 INFO - Handler thread for session 1c0d2ed9e94ef2a67c1534cc13fa296e (chrome): Executing GET on /session/1c0d2ed9e94ef2a67c1534cc13fa296e/element/0.7929470082333949-3/text (handler: ServicedSession)
16:04:35.180 INFO - To downstream: {"sessionId":"1c0d2ed9e94ef2a67c1534cc13fa296e","status":0,"value":"Palindrome: true"}
16:04:35.183 INFO - Found handler: org.openqa.selenium.remote.server.ServicedSession@3024f2d7
16:04:35.184 INFO - Handler thread for session 1c0d2ed9e94ef2a67c1534cc13fa296e (chrome): Executing POST on /session/1c0d2ed9e94ef2a67c1534cc13fa296e/element (handler: ServicedSession)
16:04:35.185 INFO - To upstream: {"using":"css selector","value":"input[name = \"palindromeInput\"]"}
16:04:35.203 INFO - To downstream: {"sessionId":"1c0d2ed9e94ef2a67c1534cc13fa296e","status":0,"value":{"ELEMENT":"0.7929470082333949-1"}}
16:04:35.209 INFO - Found handler: org.openqa.selenium.remote.server.ServicedSession@3024f2d7
16:04:35.209 INFO - Handler thread for session 1c0d2ed9e94ef2a67c1534cc13fa296e (chrome): Executing POST on /session/1c0d2ed9e94ef2a67c1534cc13fa296e/element/0.7929470082333949-1/clear (handler: ServicedSession)
16:04:35.211 INFO - To upstream: 
16:04:35.244 INFO - To downstream: {"sessionId":"1c0d2ed9e94ef2a67c1534cc13fa296e","status":0,"value":null}
16:04:35.248 INFO - Found handler: org.openqa.selenium.remote.server.ServicedSession@3024f2d7
16:04:35.249 INFO - Handler thread for session 1c0d2ed9e94ef2a67c1534cc13fa296e (chrome): Executing POST on /session/1c0d2ed9e94ef2a67c1534cc13fa296e/element (handler: ServicedSession)
16:04:35.251 INFO - To upstream: {"using":"css selector","value":"input[name = \"palindromeInput\"]"}
16:04:35.259 INFO - To downstream: {"sessionId":"1c0d2ed9e94ef2a67c1534cc13fa296e","status":0,"value":{"ELEMENT":"0.7929470082333949-1"}}
16:04:35.263 INFO - Found handler: org.openqa.selenium.remote.server.ServicedSession@3024f2d7
16:04:35.263 INFO - Handler thread for session 1c0d2ed9e94ef2a67c1534cc13fa296e (chrome): Executing POST on /session/1c0d2ed9e94ef2a67c1534cc13fa296e/element/0.7929470082333949-1/value (handler: ServicedSession)
16:04:35.265 INFO - To upstream: {"value":["t","a","c","o"]}
16:04:35.310 INFO - To downstream: {"sessionId":"1c0d2ed9e94ef2a67c1534cc13fa296e","status":0,"value":null}
16:04:35.315 INFO - Found handler: org.openqa.selenium.remote.server.ServicedSession@3024f2d7
16:04:35.315 INFO - Handler thread for session 1c0d2ed9e94ef2a67c1534cc13fa296e (chrome): Executing POST on /session/1c0d2ed9e94ef2a67c1534cc13fa296e/element (handler: ServicedSession)
16:04:35.316 INFO - To upstream: {"using":"css selector","value":"button[name = \"palindromeButton\"]"}
16:04:35.325 INFO - To downstream: {"sessionId":"1c0d2ed9e94ef2a67c1534cc13fa296e","status":0,"value":{"ELEMENT":"0.7929470082333949-2"}}
16:04:35.328 INFO - Found handler: org.openqa.selenium.remote.server.ServicedSession@3024f2d7
16:04:35.329 INFO - Handler thread for session 1c0d2ed9e94ef2a67c1534cc13fa296e (chrome): Executing POST on /session/1c0d2ed9e94ef2a67c1534cc13fa296e/element/0.7929470082333949-2/click (handler: ServicedSession)
16:04:35.330 INFO - To upstream: 
16:04:35.359 INFO - To downstream: {"sessionId":"1c0d2ed9e94ef2a67c1534cc13fa296e","status":0,"value":null}
16:04:35.364 INFO - Found handler: org.openqa.selenium.remote.server.ServicedSession@3024f2d7
16:04:35.364 INFO - Handler thread for session 1c0d2ed9e94ef2a67c1534cc13fa296e (chrome): Executing POST on /session/1c0d2ed9e94ef2a67c1534cc13fa296e/elements (handler: ServicedSession)
16:04:35.366 INFO - To upstream: {"using":"css selector","value":"span[name = \"palindromeResults\"]"}
16:04:35.375 INFO - To downstream: {"sessionId":"1c0d2ed9e94ef2a67c1534cc13fa296e","status":0,"value":[{"ELEMENT":"0.7929470082333949-3"}]}
16:04:35.379 INFO - Found handler: org.openqa.selenium.remote.server.ServicedSession@3024f2d7
16:04:35.380 INFO - Handler thread for session 1c0d2ed9e94ef2a67c1534cc13fa296e (chrome): Executing GET on /session/1c0d2ed9e94ef2a67c1534cc13fa296e/element/0.7929470082333949-3/text (handler: ServicedSession)
16:04:35.390 INFO - To downstream: {"sessionId":"1c0d2ed9e94ef2a67c1534cc13fa296e","status":0,"value":"Palindrome: false"}
16:04:35.396 INFO - Found handler: org.openqa.selenium.remote.server.ServicedSession@3024f2d7
16:04:35.397 INFO - Handler thread for session 1c0d2ed9e94ef2a67c1534cc13fa296e (chrome): Executing POST on /session/1c0d2ed9e94ef2a67c1534cc13fa296e/url (handler: ServicedSession)
16:04:35.399 INFO - To upstream: {"url":"http://localhost:3000"}
16:04:35.487 INFO - To downstream: {"sessionId":"1c0d2ed9e94ef2a67c1534cc13fa296e","status":0,"value":null}
16:04:35.497 INFO - Found handler: org.openqa.selenium.remote.server.ServicedSession@3024f2d7
16:04:35.497 INFO - Handler thread for session 1c0d2ed9e94ef2a67c1534cc13fa296e (chrome): Executing POST on /session/1c0d2ed9e94ef2a67c1534cc13fa296e/element (handler: ServicedSession)
16:04:35.499 INFO - To upstream: {"using":"css selector","value":"input[name = \"sumInput1\"]"}
16:04:35.525 INFO - To downstream: {"sessionId":"1c0d2ed9e94ef2a67c1534cc13fa296e","status":0,"value":{"ELEMENT":"0.4426315619818326-1"}}
16:04:35.529 INFO - Found handler: org.openqa.selenium.remote.server.ServicedSession@3024f2d7
16:04:35.529 INFO - Handler thread for session 1c0d2ed9e94ef2a67c1534cc13fa296e (chrome): Executing POST on /session/1c0d2ed9e94ef2a67c1534cc13fa296e/element/0.4426315619818326-1/value (handler: ServicedSession)
16:04:35.531 INFO - To upstream: {"value":["1","0"]}
16:04:35.597 INFO - To downstream: {"sessionId":"1c0d2ed9e94ef2a67c1534cc13fa296e","status":0,"value":null}
16:04:35.601 INFO - Found handler: org.openqa.selenium.remote.server.ServicedSession@3024f2d7
16:04:35.601 INFO - Handler thread for session 1c0d2ed9e94ef2a67c1534cc13fa296e (chrome): Executing POST on /session/1c0d2ed9e94ef2a67c1534cc13fa296e/element (handler: ServicedSession)
16:04:35.602 INFO - To upstream: {"using":"css selector","value":"input[name = \"sumInput2\"]"}
16:04:35.630 INFO - To downstream: {"sessionId":"1c0d2ed9e94ef2a67c1534cc13fa296e","status":0,"value":{"ELEMENT":"0.4426315619818326-2"}}
16:04:35.634 INFO - Found handler: org.openqa.selenium.remote.server.ServicedSession@3024f2d7
16:04:35.635 INFO - Handler thread for session 1c0d2ed9e94ef2a67c1534cc13fa296e (chrome): Executing POST on /session/1c0d2ed9e94ef2a67c1534cc13fa296e/element/0.4426315619818326-2/value (handler: ServicedSession)
16:04:35.636 INFO - To upstream: {"value":["1","2"]}
16:04:35.694 INFO - To downstream: {"sessionId":"1c0d2ed9e94ef2a67c1534cc13fa296e","status":0,"value":null}
16:04:35.698 INFO - Found handler: org.openqa.selenium.remote.server.ServicedSession@3024f2d7
16:04:35.699 INFO - Handler thread for session 1c0d2ed9e94ef2a67c1534cc13fa296e (chrome): Executing POST on /session/1c0d2ed9e94ef2a67c1534cc13fa296e/element (handler: ServicedSession)
16:04:35.700 INFO - To upstream: {"using":"css selector","value":"button[name = \"sumButton\"]"}
16:04:35.724 INFO - To downstream: {"sessionId":"1c0d2ed9e94ef2a67c1534cc13fa296e","status":0,"value":{"ELEMENT":"0.4426315619818326-3"}}
16:04:35.727 INFO - Found handler: org.openqa.selenium.remote.server.ServicedSession@3024f2d7
16:04:35.728 INFO - Handler thread for session 1c0d2ed9e94ef2a67c1534cc13fa296e (chrome): Executing POST on /session/1c0d2ed9e94ef2a67c1534cc13fa296e/element/0.4426315619818326-3/click (handler: ServicedSession)
16:04:35.728 INFO - To upstream: 
16:04:35.791 INFO - To downstream: {"sessionId":"1c0d2ed9e94ef2a67c1534cc13fa296e","status":0,"value":null}
16:04:35.795 INFO - Found handler: org.openqa.selenium.remote.server.ServicedSession@3024f2d7
16:04:35.795 INFO - Handler thread for session 1c0d2ed9e94ef2a67c1534cc13fa296e (chrome): Executing POST on /session/1c0d2ed9e94ef2a67c1534cc13fa296e/elements (handler: ServicedSession)
16:04:35.797 INFO - To upstream: {"using":"css selector","value":"span[name = \"sumResults\"]"}
16:04:35.819 INFO - To downstream: {"sessionId":"1c0d2ed9e94ef2a67c1534cc13fa296e","status":0,"value":[{"ELEMENT":"0.4426315619818326-4"}]}
16:04:35.823 INFO - Found handler: org.openqa.selenium.remote.server.ServicedSession@3024f2d7
16:04:35.823 INFO - Handler thread for session 1c0d2ed9e94ef2a67c1534cc13fa296e (chrome): Executing GET on /session/1c0d2ed9e94ef2a67c1534cc13fa296e/element/0.4426315619818326-4/text (handler: ServicedSession)
16:04:35.867 INFO - To downstream: {"sessionId":"1c0d2ed9e94ef2a67c1534cc13fa296e","status":0,"value":"Sum: 22"}
16:04:35.870 INFO - Found handler: org.openqa.selenium.remote.server.ServicedSession@3024f2d7
16:04:35.871 INFO - Handler thread for session 1c0d2ed9e94ef2a67c1534cc13fa296e (chrome): Executing POST on /session/1c0d2ed9e94ef2a67c1534cc13fa296e/element (handler: ServicedSession)
16:04:35.872 INFO - To upstream: {"using":"css selector","value":"input[name = \"sumInput1\"]"}
16:04:35.882 INFO - To downstream: {"sessionId":"1c0d2ed9e94ef2a67c1534cc13fa296e","status":0,"value":{"ELEMENT":"0.4426315619818326-1"}}
16:04:35.886 INFO - Found handler: org.openqa.selenium.remote.server.ServicedSession@3024f2d7
16:04:35.886 INFO - Handler thread for session 1c0d2ed9e94ef2a67c1534cc13fa296e (chrome): Executing POST on /session/1c0d2ed9e94ef2a67c1534cc13fa296e/element/0.4426315619818326-1/clear (handler: ServicedSession)
16:04:35.888 INFO - To upstream: 
16:04:35.919 INFO - To downstream: {"sessionId":"1c0d2ed9e94ef2a67c1534cc13fa296e","status":0,"value":null}
16:04:35.924 INFO - Found handler: org.openqa.selenium.remote.server.ServicedSession@3024f2d7
16:04:35.924 INFO - Handler thread for session 1c0d2ed9e94ef2a67c1534cc13fa296e (chrome): Executing POST on /session/1c0d2ed9e94ef2a67c1534cc13fa296e/element (handler: ServicedSession)
16:04:35.926 INFO - To upstream: {"using":"css selector","value":"input[name = \"sumInput2\"]"}
16:04:35.933 INFO - To downstream: {"sessionId":"1c0d2ed9e94ef2a67c1534cc13fa296e","status":0,"value":{"ELEMENT":"0.4426315619818326-2"}}
16:04:35.937 INFO - Found handler: org.openqa.selenium.remote.server.ServicedSession@3024f2d7
16:04:35.937 INFO - Handler thread for session 1c0d2ed9e94ef2a67c1534cc13fa296e (chrome): Executing POST on /session/1c0d2ed9e94ef2a67c1534cc13fa296e/element/0.4426315619818326-2/clear (handler: ServicedSession)
16:04:35.938 INFO - To upstream: 
16:04:35.965 INFO - To downstream: {"sessionId":"1c0d2ed9e94ef2a67c1534cc13fa296e","status":0,"value":null}
16:04:35.969 INFO - Found handler: org.openqa.selenium.remote.server.ServicedSession@3024f2d7
16:04:35.969 INFO - Handler thread for session 1c0d2ed9e94ef2a67c1534cc13fa296e (chrome): Executing POST on /session/1c0d2ed9e94ef2a67c1534cc13fa296e/element (handler: ServicedSession)
16:04:35.970 INFO - To upstream: {"using":"css selector","value":"input[name = \"sumInput1\"]"}
16:04:35.977 INFO - To downstream: {"sessionId":"1c0d2ed9e94ef2a67c1534cc13fa296e","status":0,"value":{"ELEMENT":"0.4426315619818326-1"}}
16:04:35.980 INFO - Found handler: org.openqa.selenium.remote.server.ServicedSession@3024f2d7
16:04:35.981 INFO - Handler thread for session 1c0d2ed9e94ef2a67c1534cc13fa296e (chrome): Executing POST on /session/1c0d2ed9e94ef2a67c1534cc13fa296e/element/0.4426315619818326-1/value (handler: ServicedSession)
16:04:35.982 INFO - To upstream: {"value":["-","3"]}
16:04:36.010 INFO - To downstream: {"sessionId":"1c0d2ed9e94ef2a67c1534cc13fa296e","status":0,"value":null}
16:04:36.014 INFO - Found handler: org.openqa.selenium.remote.server.ServicedSession@3024f2d7
16:04:36.014 INFO - Handler thread for session 1c0d2ed9e94ef2a67c1534cc13fa296e (chrome): Executing POST on /session/1c0d2ed9e94ef2a67c1534cc13fa296e/element (handler: ServicedSession)
16:04:36.015 INFO - To upstream: {"using":"css selector","value":"input[name = \"sumInput2\"]"}
16:04:36.023 INFO - To downstream: {"sessionId":"1c0d2ed9e94ef2a67c1534cc13fa296e","status":0,"value":{"ELEMENT":"0.4426315619818326-2"}}
16:04:36.026 INFO - Found handler: org.openqa.selenium.remote.server.ServicedSession@3024f2d7
16:04:36.026 INFO - Handler thread for session 1c0d2ed9e94ef2a67c1534cc13fa296e (chrome): Executing POST on /session/1c0d2ed9e94ef2a67c1534cc13fa296e/element/0.4426315619818326-2/value (handler: ServicedSession)
16:04:36.027 INFO - To upstream: {"value":["-","6"]}
16:04:36.055 INFO - To downstream: {"sessionId":"1c0d2ed9e94ef2a67c1534cc13fa296e","status":0,"value":null}
16:04:36.058 INFO - Found handler: org.openqa.selenium.remote.server.ServicedSession@3024f2d7
16:04:36.059 INFO - Handler thread for session 1c0d2ed9e94ef2a67c1534cc13fa296e (chrome): Executing POST on /session/1c0d2ed9e94ef2a67c1534cc13fa296e/element (handler: ServicedSession)
16:04:36.060 INFO - To upstream: {"using":"css selector","value":"button[name = \"sumButton\"]"}
16:04:36.068 INFO - To downstream: {"sessionId":"1c0d2ed9e94ef2a67c1534cc13fa296e","status":0,"value":{"ELEMENT":"0.4426315619818326-3"}}
16:04:36.071 INFO - Found handler: org.openqa.selenium.remote.server.ServicedSession@3024f2d7
16:04:36.071 INFO - Handler thread for session 1c0d2ed9e94ef2a67c1534cc13fa296e (chrome): Executing POST on /session/1c0d2ed9e94ef2a67c1534cc13fa296e/element/0.4426315619818326-3/click (handler: ServicedSession)
16:04:36.072 INFO - To upstream: 
16:04:36.101 INFO - To downstream: {"sessionId":"1c0d2ed9e94ef2a67c1534cc13fa296e","status":0,"value":null}
16:04:36.104 INFO - Found handler: org.openqa.selenium.remote.server.ServicedSession@3024f2d7
16:04:36.104 INFO - Handler thread for session 1c0d2ed9e94ef2a67c1534cc13fa296e (chrome): Executing POST on /session/1c0d2ed9e94ef2a67c1534cc13fa296e/elements (handler: ServicedSession)
16:04:36.105 INFO - To upstream: {"using":"css selector","value":"span[name = \"sumResults\"]"}
16:04:36.115 INFO - To downstream: {"sessionId":"1c0d2ed9e94ef2a67c1534cc13fa296e","status":0,"value":[{"ELEMENT":"0.4426315619818326-4"}]}
16:04:36.118 INFO - Found handler: org.openqa.selenium.remote.server.ServicedSession@3024f2d7
16:04:36.118 INFO - Handler thread for session 1c0d2ed9e94ef2a67c1534cc13fa296e (chrome): Executing GET on /session/1c0d2ed9e94ef2a67c1534cc13fa296e/element/0.4426315619818326-4/text (handler: ServicedSession)
16:04:36.128 INFO - To downstream: {"sessionId":"1c0d2ed9e94ef2a67c1534cc13fa296e","status":0,"value":"Sum: -9"}
16:04:36.135 INFO - Found handler: org.openqa.selenium.remote.server.ServicedSession@3024f2d7
16:04:36.135 INFO - Handler thread for session 1c0d2ed9e94ef2a67c1534cc13fa296e (chrome): Executing POST on /session/1c0d2ed9e94ef2a67c1534cc13fa296e/url (handler: ServicedSession)
16:04:36.136 INFO - To upstream: {"url":"http://localhost:3000"}
16:04:36.213 INFO - To downstream: {"sessionId":"1c0d2ed9e94ef2a67c1534cc13fa296e","status":0,"value":null}
16:04:36.219 INFO - Found handler: org.openqa.selenium.remote.server.ServicedSession@3024f2d7
16:04:36.219 INFO - Handler thread for session 1c0d2ed9e94ef2a67c1534cc13fa296e (chrome): Executing POST on /session/1c0d2ed9e94ef2a67c1534cc13fa296e/element (handler: ServicedSession)
16:04:36.221 INFO - To upstream: {"using":"css selector","value":"input[name=\"evenOddInput\"]"}
16:04:36.249 INFO - To downstream: {"sessionId":"1c0d2ed9e94ef2a67c1534cc13fa296e","status":0,"value":{"ELEMENT":"0.9550776117664128-1"}}
16:04:36.252 INFO - Found handler: org.openqa.selenium.remote.server.ServicedSession@3024f2d7
16:04:36.252 INFO - Handler thread for session 1c0d2ed9e94ef2a67c1534cc13fa296e (chrome): Executing POST on /session/1c0d2ed9e94ef2a67c1534cc13fa296e/element/0.9550776117664128-1/value (handler: ServicedSession)
16:04:36.253 INFO - To upstream: {"value":["a",",","b",",","c",",","d",",","e",",","f",",","g",",","h",",","i",",","j"]}
16:04:36.411 INFO - To downstream: {"sessionId":"1c0d2ed9e94ef2a67c1534cc13fa296e","status":0,"value":null}
16:04:36.415 INFO - Found handler: org.openqa.selenium.remote.server.ServicedSession@3024f2d7
16:04:36.416 INFO - Handler thread for session 1c0d2ed9e94ef2a67c1534cc13fa296e (chrome): Executing POST on /session/1c0d2ed9e94ef2a67c1534cc13fa296e/element (handler: ServicedSession)
16:04:36.417 INFO - To upstream: {"using":"css selector","value":"button[name = \"evenOddButton\"]"}
16:04:36.437 INFO - To downstream: {"sessionId":"1c0d2ed9e94ef2a67c1534cc13fa296e","status":0,"value":{"ELEMENT":"0.9550776117664128-2"}}
16:04:36.441 INFO - Found handler: org.openqa.selenium.remote.server.ServicedSession@3024f2d7
16:04:36.441 INFO - Handler thread for session 1c0d2ed9e94ef2a67c1534cc13fa296e (chrome): Executing POST on /session/1c0d2ed9e94ef2a67c1534cc13fa296e/element/0.9550776117664128-2/click (handler: ServicedSession)
16:04:36.442 INFO - To upstream: 
16:04:36.505 INFO - To downstream: {"sessionId":"1c0d2ed9e94ef2a67c1534cc13fa296e","status":0,"value":null}
16:04:36.509 INFO - Found handler: org.openqa.selenium.remote.server.ServicedSession@3024f2d7
16:04:36.509 INFO - Handler thread for session 1c0d2ed9e94ef2a67c1534cc13fa296e (chrome): Executing POST on /session/1c0d2ed9e94ef2a67c1534cc13fa296e/elements (handler: ServicedSession)
16:04:36.510 INFO - To upstream: {"using":"css selector","value":"span[name = \"evenResults\"]"}
16:04:36.539 INFO - To downstream: {"sessionId":"1c0d2ed9e94ef2a67c1534cc13fa296e","status":0,"value":[{"ELEMENT":"0.9550776117664128-3"}]}
16:04:36.544 INFO - Found handler: org.openqa.selenium.remote.server.ServicedSession@3024f2d7
16:04:36.545 INFO - Handler thread for session 1c0d2ed9e94ef2a67c1534cc13fa296e (chrome): Executing GET on /session/1c0d2ed9e94ef2a67c1534cc13fa296e/element/0.9550776117664128-3/text (handler: ServicedSession)
16:04:36.570 INFO - To downstream: {"sessionId":"1c0d2ed9e94ef2a67c1534cc13fa296e","status":0,"value":"Evens: []"}
16:04:36.575 INFO - Found handler: org.openqa.selenium.remote.server.ServicedSession@3024f2d7
16:04:36.575 INFO - Handler thread for session 1c0d2ed9e94ef2a67c1534cc13fa296e (chrome): Executing POST on /session/1c0d2ed9e94ef2a67c1534cc13fa296e/elements (handler: ServicedSession)
16:04:36.577 INFO - To upstream: {"using":"css selector","value":"span[name = \"oddResults\"]"}
16:04:36.601 INFO - To downstream: {"sessionId":"1c0d2ed9e94ef2a67c1534cc13fa296e","status":0,"value":[{"ELEMENT":"0.9550776117664128-4"}]}
16:04:36.604 INFO - Found handler: org.openqa.selenium.remote.server.ServicedSession@3024f2d7
16:04:36.605 INFO - Handler thread for session 1c0d2ed9e94ef2a67c1534cc13fa296e (chrome): Executing GET on /session/1c0d2ed9e94ef2a67c1534cc13fa296e/element/0.9550776117664128-4/text (handler: ServicedSession)
16:04:36.630 INFO - To downstream: {"sessionId":"1c0d2ed9e94ef2a67c1534cc13fa296e","status":0,"value":"Odds: [null,null,null,null,null,null,null,null,null,null]"}
16:04:36.635 INFO - Found handler: org.openqa.selenium.remote.server.ServicedSession@3024f2d7
16:04:36.635 INFO - Handler thread for session 1c0d2ed9e94ef2a67c1534cc13fa296e (chrome): Executing POST on /session/1c0d2ed9e94ef2a67c1534cc13fa296e/url (handler: ServicedSession)
16:04:36.636 INFO - To upstream: {"url":"http://localhost:3000"}
16:04:36.716 INFO - To downstream: {"sessionId":"1c0d2ed9e94ef2a67c1534cc13fa296e","status":0,"value":null}
16:04:36.724 INFO - Found handler: org.openqa.selenium.remote.server.ServicedSession@3024f2d7
16:04:36.725 INFO - Handler thread for session 1c0d2ed9e94ef2a67c1534cc13fa296e (chrome): Executing POST on /session/1c0d2ed9e94ef2a67c1534cc13fa296e/element (handler: ServicedSession)
16:04:36.726 INFO - To upstream: {"using":"css selector","value":"input[name=\"objectFilterInput\"]"}
16:04:36.747 INFO - To downstream: {"sessionId":"1c0d2ed9e94ef2a67c1534cc13fa296e","status":0,"value":{"ELEMENT":"0.8412963280282055-1"}}
16:04:36.750 INFO - Found handler: org.openqa.selenium.remote.server.ServicedSession@3024f2d7
16:04:36.751 INFO - Handler thread for session 1c0d2ed9e94ef2a67c1534cc13fa296e (chrome): Executing POST on /session/1c0d2ed9e94ef2a67c1534cc13fa296e/element/0.8412963280282055-1/value (handler: ServicedSession)
16:04:36.753 INFO - To upstream: {"value":[]}
16:04:36.799 INFO - To downstream: {"sessionId":"1c0d2ed9e94ef2a67c1534cc13fa296e","status":0,"value":null}
16:04:36.803 INFO - Found handler: org.openqa.selenium.remote.server.ServicedSession@3024f2d7
16:04:36.804 INFO - Handler thread for session 1c0d2ed9e94ef2a67c1534cc13fa296e (chrome): Executing POST on /session/1c0d2ed9e94ef2a67c1534cc13fa296e/element (handler: ServicedSession)
16:04:36.805 INFO - To upstream: {"using":"css selector","value":"button[name = \"objectFilterButton\"]"}
16:04:36.826 INFO - To downstream: {"sessionId":"1c0d2ed9e94ef2a67c1534cc13fa296e","status":0,"value":{"ELEMENT":"0.8412963280282055-2"}}
16:04:36.829 INFO - Found handler: org.openqa.selenium.remote.server.ServicedSession@3024f2d7
16:04:36.829 INFO - Handler thread for session 1c0d2ed9e94ef2a67c1534cc13fa296e (chrome): Executing POST on /session/1c0d2ed9e94ef2a67c1534cc13fa296e/element/0.8412963280282055-2/click (handler: ServicedSession)
16:04:36.830 INFO - To upstream: 
16:04:36.894 INFO - To downstream: {"sessionId":"1c0d2ed9e94ef2a67c1534cc13fa296e","status":0,"value":null}
16:04:36.900 INFO - Found handler: org.openqa.selenium.remote.server.ServicedSession@3024f2d7
16:04:36.900 INFO - Handler thread for session 1c0d2ed9e94ef2a67c1534cc13fa296e (chrome): Executing POST on /session/1c0d2ed9e94ef2a67c1534cc13fa296e/elements (handler: ServicedSession)
16:04:36.901 INFO - To upstream: {"using":"css selector","value":"span[name = \"objectFilterResults\"]"}
16:04:36.929 INFO - To downstream: {"sessionId":"1c0d2ed9e94ef2a67c1534cc13fa296e","status":0,"value":[{"ELEMENT":"0.8412963280282055-3"}]}
16:04:36.932 INFO - Found handler: org.openqa.selenium.remote.server.ServicedSession@3024f2d7
16:04:36.932 INFO - Handler thread for session 1c0d2ed9e94ef2a67c1534cc13fa296e (chrome): Executing GET on /session/1c0d2ed9e94ef2a67c1534cc13fa296e/element/0.8412963280282055-3/text (handler: ServicedSession)
16:04:36.968 INFO - To downstream: {"sessionId":"1c0d2ed9e94ef2a67c1534cc13fa296e","status":0,"value":"Filtered: []"}
16:04:36.973 INFO - Found handler: org.openqa.selenium.remote.server.ServicedSession@3024f2d7
16:04:36.974 INFO - Handler thread for session 1c0d2ed9e94ef2a67c1534cc13fa296e (chrome): Executing POST on /session/1c0d2ed9e94ef2a67c1534cc13fa296e/url (handler: ServicedSession)
16:04:36.975 INFO - To upstream: {"url":"http://localhost:3000"}
16:04:37.054 INFO - To downstream: {"sessionId":"1c0d2ed9e94ef2a67c1534cc13fa296e","status":0,"value":null}
16:04:37.060 INFO - Found handler: org.openqa.selenium.remote.server.ServicedSession@3024f2d7
16:04:37.060 INFO - Handler thread for session 1c0d2ed9e94ef2a67c1534cc13fa296e (chrome): Executing POST on /session/1c0d2ed9e94ef2a67c1534cc13fa296e/element (handler: ServicedSession)
16:04:37.062 INFO - To upstream: {"using":"css selector","value":"input#nameFilterInput.inputLine"}
16:04:37.091 INFO - To downstream: {"sessionId":"1c0d2ed9e94ef2a67c1534cc13fa296e","status":0,"value":{"ELEMENT":"0.9378626607997143-1"}}
16:04:37.094 INFO - Found handler: org.openqa.selenium.remote.server.ServicedSession@3024f2d7
16:04:37.095 INFO - Handler thread for session 1c0d2ed9e94ef2a67c1534cc13fa296e (chrome): Executing POST on /session/1c0d2ed9e94ef2a67c1534cc13fa296e/element/0.9378626607997143-1/value (handler: ServicedSession)
16:04:37.096 INFO - To upstream: {"value":[]}
16:04:37.140 INFO - To downstream: {"sessionId":"1c0d2ed9e94ef2a67c1534cc13fa296e","status":0,"value":null}
16:04:37.144 INFO - Found handler: org.openqa.selenium.remote.server.ServicedSession@3024f2d7
16:04:37.144 INFO - Handler thread for session 1c0d2ed9e94ef2a67c1534cc13fa296e (chrome): Executing POST on /session/1c0d2ed9e94ef2a67c1534cc13fa296e/element (handler: ServicedSession)
16:04:37.145 INFO - To upstream: {"using":"css selector","value":"button[id = \"nameFilterButton\"]"}
16:04:37.166 INFO - To downstream: {"sessionId":"1c0d2ed9e94ef2a67c1534cc13fa296e","status":0,"value":{"ELEMENT":"0.9378626607997143-2"}}
16:04:37.169 INFO - Found handler: org.openqa.selenium.remote.server.ServicedSession@3024f2d7
16:04:37.169 INFO - Handler thread for session 1c0d2ed9e94ef2a67c1534cc13fa296e (chrome): Executing POST on /session/1c0d2ed9e94ef2a67c1534cc13fa296e/element/0.9378626607997143-2/click (handler: ServicedSession)
16:04:37.170 INFO - To upstream: 
16:04:37.235 INFO - To downstream: {"sessionId":"1c0d2ed9e94ef2a67c1534cc13fa296e","status":0,"value":null}
16:04:37.239 INFO - Found handler: org.openqa.selenium.remote.server.ServicedSession@3024f2d7
16:04:37.239 INFO - Handler thread for session 1c0d2ed9e94ef2a67c1534cc13fa296e (chrome): Executing POST on /session/1c0d2ed9e94ef2a67c1534cc13fa296e/elements (handler: ServicedSession)
16:04:37.241 INFO - To upstream: {"using":"css selector","value":"span.resultsBox.filterStringRB"}
16:04:37.265 INFO - To downstream: {"sessionId":"1c0d2ed9e94ef2a67c1534cc13fa296e","status":0,"value":[{"ELEMENT":"0.9378626607997143-3"}]}
16:04:37.268 INFO - Found handler: org.openqa.selenium.remote.server.ServicedSession@3024f2d7
16:04:37.269 INFO - Handler thread for session 1c0d2ed9e94ef2a67c1534cc13fa296e (chrome): Executing GET on /session/1c0d2ed9e94ef2a67c1534cc13fa296e/element/0.9378626607997143-3/text (handler: ServicedSession)
16:04:37.300 INFO - To downstream: {"sessionId":"1c0d2ed9e94ef2a67c1534cc13fa296e","status":0,"value":"Filtered Names: [ \"James\", \"Jessica\", \"Melody\", \"Tyler\", \"Blake\", \"Jennifer\", \"Mark\", \"Maddy\" ]"}
16:04:37.305 INFO - Found handler: org.openqa.selenium.remote.server.ServicedSession@3024f2d7
16:04:37.305 INFO - Handler thread for session 1c0d2ed9e94ef2a67c1534cc13fa296e (chrome): Executing POST on /session/1c0d2ed9e94ef2a67c1534cc13fa296e/url (handler: ServicedSession)
16:04:37.306 INFO - To upstream: {"url":"http://localhost:3000"}
16:04:37.383 INFO - To downstream: {"sessionId":"1c0d2ed9e94ef2a67c1534cc13fa296e","status":0,"value":null}
16:04:37.394 INFO - Found handler: org.openqa.selenium.remote.server.ServicedSession@3024f2d7
16:04:37.395 INFO - Handler thread for session 1c0d2ed9e94ef2a67c1534cc13fa296e (chrome): Executing POST on /session/1c0d2ed9e94ef2a67c1534cc13fa296e/element (handler: ServicedSession)
16:04:37.396 INFO - To upstream: {"using":"css selector","value":"input[name = \"palindromeInput\"]"}
16:04:37.421 INFO - To downstream: {"sessionId":"1c0d2ed9e94ef2a67c1534cc13fa296e","status":0,"value":{"ELEMENT":"0.6975205651489387-1"}}
16:04:37.424 INFO - Found handler: org.openqa.selenium.remote.server.ServicedSession@3024f2d7
16:04:37.425 INFO - Handler thread for session 1c0d2ed9e94ef2a67c1534cc13fa296e (chrome): Executing POST on /session/1c0d2ed9e94ef2a67c1534cc13fa296e/element/0.6975205651489387-1/value (handler: ServicedSession)
16:04:37.426 INFO - To upstream: {"value":[]}
16:04:37.469 INFO - To downstream: {"sessionId":"1c0d2ed9e94ef2a67c1534cc13fa296e","status":0,"value":null}
16:04:37.474 INFO - Found handler: org.openqa.selenium.remote.server.ServicedSession@3024f2d7
16:04:37.474 INFO - Handler thread for session 1c0d2ed9e94ef2a67c1534cc13fa296e (chrome): Executing POST on /session/1c0d2ed9e94ef2a67c1534cc13fa296e/element (handler: ServicedSession)
16:04:37.475 INFO - To upstream: {"using":"css selector","value":"button[name = \"palindromeButton\"]"}
16:04:37.496 INFO - To downstream: {"sessionId":"1c0d2ed9e94ef2a67c1534cc13fa296e","status":0,"value":{"ELEMENT":"0.6975205651489387-2"}}
16:04:37.499 INFO - Found handler: org.openqa.selenium.remote.server.ServicedSession@3024f2d7
16:04:37.500 INFO - Handler thread for session 1c0d2ed9e94ef2a67c1534cc13fa296e (chrome): Executing POST on /session/1c0d2ed9e94ef2a67c1534cc13fa296e/element/0.6975205651489387-2/click (handler: ServicedSession)
16:04:37.501 INFO - To upstream: 
16:04:37.566 INFO - To downstream: {"sessionId":"1c0d2ed9e94ef2a67c1534cc13fa296e","status":0,"value":null}
16:04:37.570 INFO - Found handler: org.openqa.selenium.remote.server.ServicedSession@3024f2d7
16:04:37.570 INFO - Handler thread for session 1c0d2ed9e94ef2a67c1534cc13fa296e (chrome): Executing POST on /session/1c0d2ed9e94ef2a67c1534cc13fa296e/elements (handler: ServicedSession)
16:04:37.571 INFO - To upstream: {"using":"css selector","value":"span[name = \"palindromeResults\"]"}
16:04:37.593 INFO - To downstream: {"sessionId":"1c0d2ed9e94ef2a67c1534cc13fa296e","status":0,"value":[{"ELEMENT":"0.6975205651489387-3"}]}
16:04:37.596 INFO - Found handler: org.openqa.selenium.remote.server.ServicedSession@3024f2d7
16:04:37.596 INFO - Handler thread for session 1c0d2ed9e94ef2a67c1534cc13fa296e (chrome): Executing GET on /session/1c0d2ed9e94ef2a67c1534cc13fa296e/element/0.6975205651489387-3/text (handler: ServicedSession)
16:04:37.620 INFO - To downstream: {"sessionId":"1c0d2ed9e94ef2a67c1534cc13fa296e","status":0,"value":"Palindrome: true"}
16:04:37.625 INFO - Found handler: org.openqa.selenium.remote.server.ServicedSession@3024f2d7
16:04:37.625 INFO - Handler thread for session 1c0d2ed9e94ef2a67c1534cc13fa296e (chrome): Executing POST on /session/1c0d2ed9e94ef2a67c1534cc13fa296e/url (handler: ServicedSession)
16:04:37.627 INFO - To upstream: {"url":"http://localhost:3000"}
16:04:37.706 INFO - To downstream: {"sessionId":"1c0d2ed9e94ef2a67c1534cc13fa296e","status":0,"value":null}
16:04:37.713 INFO - Found handler: org.openqa.selenium.remote.server.ServicedSession@3024f2d7
16:04:37.713 INFO - Handler thread for session 1c0d2ed9e94ef2a67c1534cc13fa296e (chrome): Executing POST on /session/1c0d2ed9e94ef2a67c1534cc13fa296e/element (handler: ServicedSession)
16:04:37.714 INFO - To upstream: {"using":"css selector","value":"input[name = \"sumInput1\"]"}
16:04:37.736 INFO - To downstream: {"sessionId":"1c0d2ed9e94ef2a67c1534cc13fa296e","status":0,"value":{"ELEMENT":"0.927759947511178-1"}}
16:04:37.739 INFO - Found handler: org.openqa.selenium.remote.server.ServicedSession@3024f2d7
16:04:37.740 INFO - Handler thread for session 1c0d2ed9e94ef2a67c1534cc13fa296e (chrome): Executing POST on /session/1c0d2ed9e94ef2a67c1534cc13fa296e/element/0.927759947511178-1/value (handler: ServicedSession)
16:04:37.740 INFO - To upstream: {"value":["a"]}
16:04:37.793 INFO - To downstream: {"sessionId":"1c0d2ed9e94ef2a67c1534cc13fa296e","status":0,"value":null}
16:04:37.796 INFO - Found handler: org.openqa.selenium.remote.server.ServicedSession@3024f2d7
16:04:37.796 INFO - Handler thread for session 1c0d2ed9e94ef2a67c1534cc13fa296e (chrome): Executing POST on /session/1c0d2ed9e94ef2a67c1534cc13fa296e/element (handler: ServicedSession)
16:04:37.797 INFO - To upstream: {"using":"css selector","value":"input[name = \"sumInput2\"]"}
16:04:37.820 INFO - To downstream: {"sessionId":"1c0d2ed9e94ef2a67c1534cc13fa296e","status":0,"value":{"ELEMENT":"0.927759947511178-2"}}
16:04:37.823 INFO - Found handler: org.openqa.selenium.remote.server.ServicedSession@3024f2d7
16:04:37.823 INFO - Handler thread for session 1c0d2ed9e94ef2a67c1534cc13fa296e (chrome): Executing POST on /session/1c0d2ed9e94ef2a67c1534cc13fa296e/element/0.927759947511178-2/value (handler: ServicedSession)
16:04:37.824 INFO - To upstream: {"value":["b"]}
16:04:37.870 INFO - To downstream: {"sessionId":"1c0d2ed9e94ef2a67c1534cc13fa296e","status":0,"value":null}
16:04:37.873 INFO - Found handler: org.openqa.selenium.remote.server.ServicedSession@3024f2d7
16:04:37.873 INFO - Handler thread for session 1c0d2ed9e94ef2a67c1534cc13fa296e (chrome): Executing POST on /session/1c0d2ed9e94ef2a67c1534cc13fa296e/element (handler: ServicedSession)
16:04:37.874 INFO - To upstream: {"using":"css selector","value":"button[name = \"sumButton\"]"}
16:04:37.894 INFO - To downstream: {"sessionId":"1c0d2ed9e94ef2a67c1534cc13fa296e","status":0,"value":{"ELEMENT":"0.927759947511178-3"}}
16:04:37.897 INFO - Found handler: org.openqa.selenium.remote.server.ServicedSession@3024f2d7
16:04:37.897 INFO - Handler thread for session 1c0d2ed9e94ef2a67c1534cc13fa296e (chrome): Executing POST on /session/1c0d2ed9e94ef2a67c1534cc13fa296e/element/0.927759947511178-3/click (handler: ServicedSession)
16:04:37.898 INFO - To upstream: 
16:04:37.963 INFO - To downstream: {"sessionId":"1c0d2ed9e94ef2a67c1534cc13fa296e","status":0,"value":null}
16:04:38.173 INFO - Found handler: org.openqa.selenium.remote.server.ServicedSession@3024f2d7
16:04:38.174 INFO - Handler thread for session 1c0d2ed9e94ef2a67c1534cc13fa296e (chrome): Executing POST on /session/1c0d2ed9e94ef2a67c1534cc13fa296e/elements (handler: ServicedSession)
16:04:38.176 INFO - To upstream: {"using":"css selector","value":"span[name = \"sumResults\"]"}
16:04:38.196 INFO - To downstream: {"sessionId":"1c0d2ed9e94ef2a67c1534cc13fa296e","status":0,"value":[{"ELEMENT":"0.927759947511178-4"}]}
16:04:38.199 INFO - Found handler: org.openqa.selenium.remote.server.ServicedSession@3024f2d7
16:04:38.199 INFO - Handler thread for session 1c0d2ed9e94ef2a67c1534cc13fa296e (chrome): Executing GET on /session/1c0d2ed9e94ef2a67c1534cc13fa296e/element/0.927759947511178-4/text (handler: ServicedSession)
16:04:38.228 INFO - To downstream: {"sessionId":"1c0d2ed9e94ef2a67c1534cc13fa296e","status":0,"value":"Sum: 0"}
16:04:38.234 INFO - Found handler: org.openqa.selenium.remote.server.ServicedSession@3024f2d7
16:04:38.234 INFO - Handler thread for session 1c0d2ed9e94ef2a67c1534cc13fa296e (chrome): Executing DELETE on /session/1c0d2ed9e94ef2a67c1534cc13fa296e (handler: ServicedSession)
16:04:38.286 INFO - To downstream: {"sessionId":"1c0d2ed9e94ef2a67c1534cc13fa296e","status":0,"value":null}
16:04:38.290 INFO - Removing session org.openqa.selenium.remote.server.ServicedSession@3024f2d7
